<?xml version="1.0" encoding="UTF-8"?>
<!-- Generated by org.testng.reporters.JUnitReportReporter -->
<testsuite hostname="Sanju" failures="0" tests="1" name="Day2_DiffrentWaysToCreatePostRequestBody.ex3_PostRequestBody_using_POJO_Class" time="2.828" errors="0" timestamp="2024-03-30T12:04:43 IST" skipped="0">
  <testcase classname="Day2_DiffrentWaysToCreatePostRequestBody.ex3_PostRequestBody_using_POJO_Class" name="postRequestBodyUsingOrgJSONLibrary" time="2.828"/>
  <system-out/>
</testsuite> <!-- Day2_DiffrentWaysToCreatePostRequestBody.ex3_PostRequestBody_using_POJO_Class -->
