<?xml version="1.0" encoding="UTF-8"?>
<!-- Generated by org.testng.reporters.JUnitReportReporter -->
<testsuite hostname="Sanju" failures="0" tests="1" name="Day4_Parsing_JSON_Response_Body_JSONObject.ParsingJSONResponseData" time="1.177" errors="0" timestamp="2024-04-16T12:25:19 IST" skipped="0">
  <testcase classname="Day4_Parsing_JSON_Response_Body_JSONObject.ParsingJSONResponseData" name="testJSONResponse2" time="1.177"/>
  <system-out/>
</testsuite> <!-- Day4_Parsing_JSON_Response_Body_JSONObject.ParsingJSONResponseData -->
