<?xml version="1.0" encoding="UTF-8"?>
<!-- Generated by org.testng.reporters.JUnitReportReporter -->
<testsuite hostname="Sanju" failures="0" tests="1" name="Day8_APIChaining.GoRest4_DeleteUser" time="0.671" errors="0" timestamp="2024-04-05T13:35:39 IST" skipped="0">
  <testcase classname="Day8_APIChaining.GoRest4_DeleteUser" name="test4_DeleteUser" time="0.671"/>
  <system-out/>
</testsuite> <!-- Day8_APIChaining.GoRest4_DeleteUser -->
