<?xml version="1.0" encoding="UTF-8"?>
<!-- Generated by org.testng.reporters.JUnitReportReporter -->
<testsuite hostname="Sanju" failures="0" tests="1" name="Day8_APIChaining.stu1_CreateUser" time="1.281" errors="0" timestamp="2024-04-05T13:04:47 IST" skipped="0">
  <testcase classname="Day8_APIChaining.stu1_CreateUser" name="test_CreateUser" time="1.281"/>
  <system-out/>
</testsuite> <!-- Day8_APIChaining.stu1_CreateUser -->
