<?xml version="1.0" encoding="UTF-8"?>
<!-- Generated by org.testng.reporters.JUnitReportReporter -->
<testsuite hostname="Sanju" failures="0" tests="1" name="Day4.ParsingJSONResponseData" time="0.987" errors="0" timestamp="2024-04-03T00:08:38 IST" skipped="0">
  <testcase classname="Day4.ParsingJSONResponseData" name="verifyTotalPriceFromResponse" time="0.987"/>
  <system-out/>
</testsuite> <!-- Day4.ParsingJSONResponseData -->
