<?xml version="1.0" encoding="UTF-8"?>
<!-- Generated by org.testng.reporters.JUnitReportReporter -->
<testsuite hostname="Sanju" failures="0" tests="1" name="Day3.PathAndQuerryParameters2" time="3.195" errors="0" timestamp="2024-04-02T14:55:53 IST" skipped="0">
  <testcase classname="Day3.PathAndQuerryParameters2" name="testPathAndQuerryParameter" time="3.195"/>
  <system-out/>
</testsuite> <!-- Day3.PathAndQuerryParameters2 -->
