<?xml version="1.0" encoding="UTF-8"?>
<!-- Generated by org.testng.reporters.JUnitReportReporter -->
<testsuite hostname="Sanju" failures="0" tests="1" name="Day3.HeadersDemo1" time="2.837" errors="0" timestamp="2024-04-02T16:29:23 IST" skipped="0">
  <testcase classname="Day3.HeadersDemo1" name="getAllHeadersInfo" time="2.837"/>
  <system-out/>
</testsuite> <!-- Day3.HeadersDemo1 -->
