<?xml version="1.0" encoding="UTF-8"?>
<!-- Generated by org.testng.reporters.JUnitReportReporter -->
<testsuite hostname="Sanju" failures="0" tests="1" name="Day2_DiffrentWaysToCreatePostRequestBody.ex2_PostRequestBody_using_Org_json_Library" time="2.014" errors="0" timestamp="2024-03-30T11:22:21 IST" skipped="0">
  <testcase classname="Day2_DiffrentWaysToCreatePostRequestBody.ex2_PostRequestBody_using_Org_json_Library" name="postRequestBodyUsingHashmap" time="2.014"/>
  <system-out/>
</testsuite> <!-- Day2_DiffrentWaysToCreatePostRequestBody.ex2_PostRequestBody_using_Org_json_Library -->
