<?xml version="1.0" encoding="UTF-8"?>
<!-- Generated by org.testng.reporters.JUnitReportReporter -->
<testsuite hostname="Sanju" failures="0" tests="1" name="Day6__JSON_XML_SchemaValidations__Serial_And_De_Serialisation.JSONSchemaValidation" time="1.527" errors="0" timestamp="2024-04-03T14:33:46 IST" skipped="0">
  <testcase classname="Day6__JSON_XML_SchemaValidations__Serial_And_De_Serialisation.JSONSchemaValidation" name="jsonSchemaValidation" time="1.527"/>
  <system-out/>
</testsuite> <!-- Day6__JSON_XML_SchemaValidations__Serial_And_De_Serialisation.JSONSchemaValidation -->
