<?xml version="1.0" encoding="UTF-8"?>
<!-- Generated by org.testng.reporters.JUnitReportReporter -->
<testsuite hostname="Sanju" failures="0" tests="1" name="Day3.LoggingDemo" time="2.256" errors="0" timestamp="2024-04-02T16:36:52 IST" skipped="0">
  <testcase classname="Day3.LoggingDemo" name="getAllCookies" time="2.256"/>
  <system-out/>
</testsuite> <!-- Day3.LoggingDemo -->
