<?xml version="1.0" encoding="UTF-8"?>
<!-- Generated by org.testng.reporters.JUnitReportReporter -->
<testsuite hostname="Sanju" failures="0" tests="4" name="Day1.HTTPRequests2" time="4.307" errors="0" timestamp="2024-03-28T16:01:21 IST" skipped="0">
  <testcase classname="Day1.HTTPRequests2" name="getUsers" time="1.803"/>
  <system-out/>
  <testcase classname="Day1.HTTPRequests2" name="createUser" time="0.885"/>
  <system-out/>
  <testcase classname="Day1.HTTPRequests2" name="updateUser" time="0.898"/>
  <system-out/>
  <testcase classname="Day1.HTTPRequests2" name="deleteUser" time="0.721"/>
  <system-out/>
</testsuite> <!-- Day1.HTTPRequests2 -->
