<?xml version="1.0" encoding="UTF-8"?>
<!-- Generated by org.testng.reporters.JUnitReportReporter -->
<testsuite hostname="Sanju" failures="0" tests="2" name="Day2_DiffrentWaysToCreatePostRequestBody.ex4_PostRequestBody_using_ExternalJSONFile2" time="1.427" errors="0" timestamp="2024-03-30T15:08:43 IST" skipped="0">
  <testcase classname="Day2_DiffrentWaysToCreatePostRequestBody.ex4_PostRequestBody_using_ExternalJSONFile2" name="postRequestBodyUsingOrgJSONLibrary" time="1.404"/>
  <system-out/>
  <testcase classname="Day2_DiffrentWaysToCreatePostRequestBody.ex4_PostRequestBody_using_ExternalJSONFile2" name="deleteRecord" time="0.023"/>
  <system-out/>
</testsuite> <!-- Day2_DiffrentWaysToCreatePostRequestBody.ex4_PostRequestBody_using_ExternalJSONFile2 -->
