<?xml version="1.0" encoding="UTF-8"?>
<!-- Generated by org.testng.reporters.JUnitReportReporter -->
<testsuite hostname="Sanju" failures="0" tests="2" name="Day2_DiffrentWaysToCreatePostRequestBody.ex3_PostRequestBody_using_POJO_Class2" time="2.375" errors="0" timestamp="2024-03-30T12:11:07 IST" skipped="0">
  <testcase classname="Day2_DiffrentWaysToCreatePostRequestBody.ex3_PostRequestBody_using_POJO_Class2" name="postRequestBodyUsingOrgJSONLibrary" time="2.343"/>
  <system-out/>
  <testcase classname="Day2_DiffrentWaysToCreatePostRequestBody.ex3_PostRequestBody_using_POJO_Class2" name="deleteRecord" time="0.032"/>
  <system-out/>
</testsuite> <!-- Day2_DiffrentWaysToCreatePostRequestBody.ex3_PostRequestBody_using_POJO_Class2 -->
