<?xml version="1.0" encoding="UTF-8"?>
<!-- Generated by org.testng.reporters.JUnitReportReporter -->
<testsuite hostname="Sanju" failures="0" tests="1" name="Day8_APIChaining.stu2_GetUser" time="0.069" errors="0" timestamp="2024-04-05T13:04:47 IST" skipped="0">
  <testcase classname="Day8_APIChaining.stu2_GetUser" name="test2_GetUser" time="0.069"/>
  <system-out/>
</testsuite> <!-- Day8_APIChaining.stu2_GetUser -->
