<?xml version="1.0" encoding="UTF-8"?>
<!-- Generated by org.testng.reporters.JUnitReportReporter -->
<testsuite hostname="Sanju" failures="0" tests="1" name="Day3.PathAndQuerryParameters1" time="1.861" errors="0" timestamp="2024-04-02T14:57:54 IST" skipped="0">
  <testcase classname="Day3.PathAndQuerryParameters1" name="testPathAndQuerryParameter" time="1.861"/>
  <system-out/>
</testsuite> <!-- Day3.PathAndQuerryParameters1 -->
