<?xml version="1.0" encoding="UTF-8"?>
<!-- Generated by org.testng.reporters.JUnitReportReporter -->
<testsuite hostname="Sanju" failures="0" tests="2" name="Day2.DiiffrentWaysToCreatePostRequestBody2" time="2.981" errors="0" timestamp="2024-03-30T11:02:15 IST" skipped="0">
  <testcase classname="Day2.DiiffrentWaysToCreatePostRequestBody2" name="postRequestBodyUsingHashmap" time="2.941"/>
  <system-out/>
  <testcase classname="Day2.DiiffrentWaysToCreatePostRequestBody2" name="deleteRecord" time="0.040"/>
  <system-out/>
</testsuite> <!-- Day2.DiiffrentWaysToCreatePostRequestBody2 -->
