<?xml version="1.0" encoding="UTF-8"?>
<!-- Generated by org.testng.reporters.JUnitReportReporter -->
<testsuite hostname="Sanju" failures="0" tests="1" name="Day8_APIChaining.stu3_UpdateUser" time="0.048" errors="0" timestamp="2024-04-05T13:04:47 IST" skipped="0">
  <testcase classname="Day8_APIChaining.stu3_UpdateUser" name="test3_UpdateUser" time="0.048"/>
  <system-out/>
</testsuite> <!-- Day8_APIChaining.stu3_UpdateUser -->
