<?xml version="1.0" encoding="UTF-8"?>
<!-- Generated by org.testng.reporters.JUnitReportReporter -->
<testsuite hostname="Sanju" failures="0" tests="1" name="Day3.CookiesDemo" time="2.409" errors="0" timestamp="2024-04-02T15:45:38 IST" skipped="0">
  <testcase classname="Day3.CookiesDemo" name="getAllCookies" time="2.409"/>
  <system-out/>
</testsuite> <!-- Day3.CookiesDemo -->
