<?xml version="1.0" encoding="UTF-8"?>
<!-- Generated by org.testng.reporters.JUnitReportReporter -->
<testsuite hostname="Sanju" failures="0" tests="1" name="Day2_DiffrentWaysToCreatePostRequestBody.ex4_PostRequestBody_using_ExternalJSONFile1" time="1.394" errors="0" timestamp="2024-03-30T15:07:00 IST" skipped="0">
  <testcase classname="Day2_DiffrentWaysToCreatePostRequestBody.ex4_PostRequestBody_using_ExternalJSONFile1" name="postRequestBodyUsingOrgJSONLibrary" time="1.394"/>
  <system-out/>
</testsuite> <!-- Day2_DiffrentWaysToCreatePostRequestBody.ex4_PostRequestBody_using_ExternalJSONFile1 -->
