<?xml version="1.0" encoding="UTF-8"?>
<!-- Generated by org.testng.reporters.JUnitReportReporter -->
<testsuite hostname="Sanju" failures="0" tests="1" name="Day7.FakerDataGenerator" time="0.175" errors="0" timestamp="2024-04-08T22:17:36 IST" skipped="0">
  <testcase classname="Day7.FakerDataGenerator" name="name" time="0.175"/>
  <system-out/>
</testsuite> <!-- Day7.FakerDataGenerator -->
