<?xml version="1.0" encoding="UTF-8"?>
<!-- Generated by org.testng.reporters.JUnitReportReporter -->
<testsuite hostname="Sanju" failures="0" tests="1" name="Day1.HTTPRequests" time="1.908" errors="0" timestamp="2024-03-28T15:41:23 IST" skipped="0">
  <testcase classname="Day1.HTTPRequests" name="createUser" time="1.908"/>
  <system-out/>
</testsuite> <!-- Day1.HTTPRequests -->
