<?xml version="1.0" encoding="UTF-8"?>
<!-- Generated by org.testng.reporters.JUnitReportReporter -->
<testsuite hostname="Sanju" failures="0" tests="1" name="Day3.HeadersDemo2" time="2.902" errors="0" timestamp="2024-04-02T16:24:02 IST" skipped="0">
  <testcase classname="Day3.HeadersDemo2" name="testHeades" time="2.902"/>
  <system-out/>
</testsuite> <!-- Day3.HeadersDemo2 -->
