<?xml version="1.0" encoding="UTF-8"?>
<!-- Generated by org.testng.reporters.JUnitReportReporter -->
<testsuite hostname="Sanju" failures="0" tests="1" name="Day7.Authentications" time="2.278" errors="0" timestamp="2024-04-08T22:02:03 IST" skipped="0">
  <testcase classname="Day7.Authentications" name="AuthEx7_ApiKey1" time="2.278"/>
  <system-out/>
</testsuite> <!-- Day7.Authentications -->
