<?xml version="1.0" encoding="UTF-8"?>
<!-- Generated by org.testng.reporters.JUnitReportReporter -->
<testsuite hostname="Sanju" failures="0" tests="1" name="Day2.DiiffrentWaysToCreatePostRequestBody" time="1.776" errors="0" timestamp="2024-03-28T17:48:24 IST" skipped="0">
  <testcase classname="Day2.DiiffrentWaysToCreatePostRequestBody" name="postRequestBodyUsingHashmap" time="1.776"/>
  <system-out/>
</testsuite> <!-- Day2.DiiffrentWaysToCreatePostRequestBody -->
