<?xml version="1.0" encoding="UTF-8"?>
<!-- Generated by org.testng.reporters.JUnitReportReporter -->
<testsuite hostname="Sanju" failures="0" tests="2" name="Day6__JSON_XML_SchemaValidations__Serial_And_De_Serialisation.Serialization_DeSerialization" time="0.170" errors="0" timestamp="2024-04-03T17:28:49 IST" skipped="0">
  <testcase classname="Day6__JSON_XML_SchemaValidations__Serial_And_De_Serialisation.Serialization_DeSerialization" name="convertPOJO2Json" time="0.147"/>
  <system-out/>
  <testcase classname="Day6__JSON_XML_SchemaValidations__Serial_And_De_Serialisation.Serialization_DeSerialization" name="convertJsonToPOJO" time="0.023"/>
  <system-out/>
</testsuite> <!-- Day6__JSON_XML_SchemaValidations__Serial_And_De_Serialisation.Serialization_DeSerialization -->
