<?xml version="1.0" encoding="UTF-8"?>
<!-- Generated by org.testng.reporters.JUnitReportReporter -->
<testsuite hostname="Sanju" failures="0" tests="4" name="Day1_Introduction_EnvironmentSetup_HTTPMethods.HTTPRequests2" time="5.798" errors="0" timestamp="2024-07-14T12:45:48 IST" skipped="0">
  <testcase classname="Day1_Introduction_EnvironmentSetup_HTTPMethods.HTTPRequests2" name="getUsers" time="2.304"/>
  <system-out/>
  <testcase classname="Day1_Introduction_EnvironmentSetup_HTTPMethods.HTTPRequests2" name="createUser" time="1.359"/>
  <system-out/>
  <testcase classname="Day1_Introduction_EnvironmentSetup_HTTPMethods.HTTPRequests2" name="updateUser" time="1.070"/>
  <system-out/>
  <testcase classname="Day1_Introduction_EnvironmentSetup_HTTPMethods.HTTPRequests2" name="deleteUser" time="1.065"/>
  <system-out/>
</testsuite> <!-- Day1_Introduction_EnvironmentSetup_HTTPMethods.HTTPRequests2 -->
