<?xml version="1.0" encoding="UTF-8"?>
<!-- Generated by org.testng.reporters.JUnitReportReporter -->
<testsuite hostname="Sanju" failures="0" tests="1" name="Day1_Introduction_EnvironmentSetup_HTTPMethods.Ex1_getRequest" time="3.114" errors="0" timestamp="2024-07-14T22:48:28 IST" skipped="0">
  <testcase classname="Day1_Introduction_EnvironmentSetup_HTTPMethods.Ex1_getRequest" name="getUsers" time="3.114"/>
  <system-out/>
</testsuite> <!-- Day1_Introduction_EnvironmentSetup_HTTPMethods.Ex1_getRequest -->
