<?xml version="1.0" encoding="UTF-8"?>
<!-- Generated by org.testng.reporters.JUnitReportReporter -->
<testsuite hostname="Sanju" failures="0" tests="1" name="Day1_Introduction_EnvironmentSetup_HTTPMethods.Ex2_postRequest" time="2.837" errors="0" timestamp="2024-07-14T22:48:45 IST" skipped="0">
  <testcase classname="Day1_Introduction_EnvironmentSetup_HTTPMethods.Ex2_postRequest" name="createUser" time="2.837"/>
  <system-out/>
</testsuite> <!-- Day1_Introduction_EnvironmentSetup_HTTPMethods.Ex2_postRequest -->
