<?xml version="1.0" encoding="UTF-8"?>
<!-- Generated by org.testng.reporters.JUnitReportReporter -->
<testsuite hostname="Sanju" failures="0" tests="1" name="Day5.ParsingXMLResponse" time="1.488" errors="0" timestamp="2024-04-03T08:32:46 IST" skipped="0">
  <testcase classname="Day5.ParsingXMLResponse" name="testXMLResponse" time="1.488"/>
  <system-out/>
</testsuite> <!-- Day5.ParsingXMLResponse -->
