<?xml version="1.0" encoding="UTF-8"?>
<!-- Generated by org.testng.reporters.JUnitReportReporter -->
<testsuite hostname="Sanju" failures="0" tests="2" name="Day2_DiffrentWaysToCreatePostRequestBody.ex2_PostRequestBody_using_Org_json_Library2" time="2.062" errors="0" timestamp="2024-03-30T11:33:27 IST" skipped="0">
  <testcase classname="Day2_DiffrentWaysToCreatePostRequestBody.ex2_PostRequestBody_using_Org_json_Library2" name="postRequestBodyUsingOrgJSONLibrary" time="2.029"/>
  <system-out/>
  <testcase classname="Day2_DiffrentWaysToCreatePostRequestBody.ex2_PostRequestBody_using_Org_json_Library2" name="deleteRecord" time="0.033"/>
  <system-out/>
</testsuite> <!-- Day2_DiffrentWaysToCreatePostRequestBody.ex2_PostRequestBody_using_Org_json_Library2 -->
